<?xml version="1.0" encoding="UTF-8"?>
<!-- Generated by org.testng.reporters.JUnitXMLReporter -->
<testsuite ignored="0" hostname="DESKTOP-37EBRU3" failures="2" tests="3" name="Test" time="37.315" errors="0" timestamp="2022-07-01T12:00:18 IST">
  <testcase classname="screenshot.screenshotTest" name="testScreenShot1" time="0.011">
    <failure type="java.lang.AssertionError" message="expected [true] but found [false]">
      <![CDATA[java.lang.AssertionError: expected [true] but found [false]
at screenshot.screenshotTest.testScreenShot1(screenshotTest.java:26)
at java.base/java.util.ArrayList.forEach(ArrayList.java:1511)
... Removed 33 stack frames]]>
    </failure>
  </testcase> <!-- testScreenShot1 -->
  <testcase classname="screenshot.screenshotTest" name="testScreenShot2" time="0.194"/>
  <testcase classname="screenshot.screenshotTest" name="testScreenShot3" time="0.001">
    <failure type="java.lang.AssertionError" message="expected [true] but found [false]">
      <![CDATA[java.lang.AssertionError: expected [true] but found [false]
at screenshot.screenshotTest.testScreenShot3(screenshotTest.java:38)
at java.base/java.util.ArrayList.forEach(ArrayList.java:1511)
... Removed 33 stack frames]]>
    </failure>
  </testcase> <!-- testScreenShot3 -->
</testsuite> <!-- Test -->
