<?xml version="1.0" encoding="UTF-8"?>
<testng-results ignored="0" total="1" passed="1" failed="0" skipped="0">
  <reporter-output>
  </reporter-output>
  <suite started-at="2022-07-25T20:57:50 IST" name="Default suite" finished-at="2022-07-25T20:58:19 IST" duration-ms="28716">
    <groups>
    </groups>
    <test started-at="2022-07-25T20:57:50 IST" name="Default test" finished-at="2022-07-25T20:58:19 IST" duration-ms="28716">
      <class name="testReport.GenerateReport">
        <test-method is-config="true" signature="generateReport()[pri:0, instance:testReport.GenerateReport@1aa7ecca]" started-at="2022-07-25T20:57:50 IST" name="generateReport" finished-at="2022-07-25T20:57:51 IST" duration-ms="259" status="PASS">
          <reporter-output>
          </reporter-output>
        </test-method> <!-- generateReport -->
        <test-method signature="testMethod()[pri:0, instance:testReport.GenerateReport@1aa7ecca]" started-at="2022-07-25T20:57:51 IST" name="testMethod" finished-at="2022-07-25T20:58:19 IST" duration-ms="28028" status="PASS">
          <reporter-output>
          </reporter-output>
        </test-method> <!-- testMethod -->
        <test-method is-config="true" signature="end()[pri:0, instance:testReport.GenerateReport@1aa7ecca]" started-at="2022-07-25T20:58:19 IST" name="end" finished-at="2022-07-25T20:58:19 IST" duration-ms="375" status="PASS">
          <reporter-output>
          </reporter-output>
        </test-method> <!-- end -->
      </class> <!-- testReport.GenerateReport -->
    </test> <!-- Default test -->
  </suite> <!-- Default suite -->
</testng-results>
